Writing PID to tmp/pids/thin.3005.pid
Using rack adapter
Thin web server (v1.6.1 codename Death Proof)
Maximum connections set to 1024
Listening on 0.0.0.0:3005, CTRL+C to stop
Errno::ENOENT - No such file or directory - /var/www/demo/log/production.log:
	/var/www/rails_logger/views/index.erb:1:in `initialize'
	/var/www/rails_logger/views/index.erb:1:in `open'
	/var/www/rails_logger/views/index.erb:1:in `block in singletonclass'
	/var/www/rails_logger/views/index.erb:65531:in `instance_eval'
	/var/www/rails_logger/views/index.erb:65531:in `singletonclass'
	/var/www/rails_logger/views/index.erb:65529:in `__tilt_11079780'
	/var/lib/gems/1.9.1/gems/tilt-1.4.1/lib/tilt/template.rb:170:in `call'
	/var/lib/gems/1.9.1/gems/tilt-1.4.1/lib/tilt/template.rb:170:in `evaluate'
	/var/lib/gems/1.9.1/gems/tilt-1.4.1/lib/tilt/template.rb:103:in `render'
	/var/lib/gems/1.9.1/gems/sinatra-1.4.4/lib/sinatra/base.rb:805:in `render'
	/var/lib/gems/1.9.1/gems/sinatra-1.4.4/lib/sinatra/base.rb:664:in `erb'
	/var/www/rails_logger/logger.rb:4:in `block in <top (required)>'
	/var/lib/gems/1.9.1/gems/sinatra-1.4.4/lib/sinatra/base.rb:1593:in `call'
	/var/lib/gems/1.9.1/gems/sinatra-1.4.4/lib/sinatra/base.rb:1593:in `block in compile!'
	/var/lib/gems/1.9.1/gems/sinatra-1.4.4/lib/sinatra/base.rb:957:in `[]'
	/var/lib/gems/1.9.1/gems/sinatra-1.4.4/lib/sinatra/base.rb:957:in `block (3 levels) in route!'
	/var/lib/gems/1.9.1/gems/sinatra-1.4.4/lib/sinatra/base.rb:976:in `route_eval'
	/var/lib/gems/1.9.1/gems/sinatra-1.4.4/lib/sinatra/base.rb:957:in `block (2 levels) in route!'
	/var/lib/gems/1.9.1/gems/sinatra-1.4.4/lib/sinatra/base.rb:997:in `block in process_route'
	/var/lib/gems/1.9.1/gems/sinatra-1.4.4/lib/sinatra/base.rb:995:in `catch'
	/var/lib/gems/1.9.1/gems/sinatra-1.4.4/lib/sinatra/base.rb:995:in `process_route'
	/var/lib/gems/1.9.1/gems/sinatra-1.4.4/lib/sinatra/base.rb:955:in `block in route!'
	/var/lib/gems/1.9.1/gems/sinatra-1.4.4/lib/sinatra/base.rb:954:in `each'
	/var/lib/gems/1.9.1/gems/sinatra-1.4.4/lib/sinatra/base.rb:954:in `route!'
	/var/lib/gems/1.9.1/gems/sinatra-1.4.4/lib/sinatra/base.rb:1067:in `block in dispatch!'
	/var/lib/gems/1.9.1/gems/sinatra-1.4.4/lib/sinatra/base.rb:1049:in `block in invoke'
	/var/lib/gems/1.9.1/gems/sinatra-1.4.4/lib/sinatra/base.rb:1049:in `catch'
	/var/lib/gems/1.9.1/gems/sinatra-1.4.4/lib/sinatra/base.rb:1049:in `invoke'
	/var/lib/gems/1.9.1/gems/sinatra-1.4.4/lib/sinatra/base.rb:1064:in `dispatch!'
	/var/lib/gems/1.9.1/gems/sinatra-1.4.4/lib/sinatra/base.rb:889:in `block in call!'
	/var/lib/gems/1.9.1/gems/sinatra-1.4.4/lib/sinatra/base.rb:1049:in `block in invoke'
	/var/lib/gems/1.9.1/gems/sinatra-1.4.4/lib/sinatra/base.rb:1049:in `catch'
	/var/lib/gems/1.9.1/gems/sinatra-1.4.4/lib/sinatra/base.rb:1049:in `invoke'
	/var/lib/gems/1.9.1/gems/sinatra-1.4.4/lib/sinatra/base.rb:889:in `call!'
	/var/lib/gems/1.9.1/gems/sinatra-1.4.4/lib/sinatra/base.rb:877:in `call'
	/var/lib/gems/1.9.1/gems/rack-protection-1.5.1/lib/rack/protection/xss_header.rb:18:in `call'
	/var/lib/gems/1.9.1/gems/rack-protection-1.5.1/lib/rack/protection/path_traversal.rb:16:in `call'
	/var/lib/gems/1.9.1/gems/rack-protection-1.5.1/lib/rack/protection/json_csrf.rb:18:in `call'
	/var/lib/gems/1.9.1/gems/rack-protection-1.5.1/lib/rack/protection/base.rb:50:in `call'
	/var/lib/gems/1.9.1/gems/rack-protection-1.5.1/lib/rack/protection/base.rb:50:in `call'
	/var/lib/gems/1.9.1/gems/rack-protection-1.5.1/lib/rack/protection/frame_options.rb:31:in `call'
	/var/lib/gems/1.9.1/gems/rack-1.5.2/lib/rack/logger.rb:15:in `call'
	/var/lib/gems/1.9.1/gems/rack-1.5.2/lib/rack/commonlogger.rb:33:in `call'
	/var/lib/gems/1.9.1/gems/sinatra-1.4.4/lib/sinatra/base.rb:217:in `call'
	/var/lib/gems/1.9.1/gems/sinatra-1.4.4/lib/sinatra/base.rb:210:in `call'
	/var/lib/gems/1.9.1/gems/rack-1.5.2/lib/rack/head.rb:11:in `call'
	/var/lib/gems/1.9.1/gems/rack-1.5.2/lib/rack/methodoverride.rb:21:in `call'
	/var/lib/gems/1.9.1/gems/sinatra-1.4.4/lib/sinatra/base.rb:180:in `call'
	/var/lib/gems/1.9.1/gems/sinatra-1.4.4/lib/sinatra/base.rb:2004:in `call'
	/var/lib/gems/1.9.1/gems/sinatra-1.4.4/lib/sinatra/base.rb:1469:in `block in call'
	/var/lib/gems/1.9.1/gems/sinatra-1.4.4/lib/sinatra/base.rb:1778:in `synchronize'
	/var/lib/gems/1.9.1/gems/sinatra-1.4.4/lib/sinatra/base.rb:1469:in `call'
	/var/lib/gems/1.9.1/gems/thin-1.6.1/lib/thin/connection.rb:82:in `block in pre_process'
	/var/lib/gems/1.9.1/gems/thin-1.6.1/lib/thin/connection.rb:80:in `catch'
	/var/lib/gems/1.9.1/gems/thin-1.6.1/lib/thin/connection.rb:80:in `pre_process'
	/var/lib/gems/1.9.1/gems/thin-1.6.1/lib/thin/connection.rb:55:in `process'
	/var/lib/gems/1.9.1/gems/thin-1.6.1/lib/thin/connection.rb:41:in `receive_data'
	/var/lib/gems/1.9.1/gems/eventmachine-1.0.3/lib/eventmachine.rb:187:in `run_machine'
	/var/lib/gems/1.9.1/gems/eventmachine-1.0.3/lib/eventmachine.rb:187:in `run'
	/var/lib/gems/1.9.1/gems/thin-1.6.1/lib/thin/backends/base.rb:73:in `start'
	/var/lib/gems/1.9.1/gems/thin-1.6.1/lib/thin/server.rb:162:in `start'
	/var/lib/gems/1.9.1/gems/thin-1.6.1/lib/thin/controllers/controller.rb:87:in `start'
	/var/lib/gems/1.9.1/gems/thin-1.6.1/lib/thin/runner.rb:200:in `run_command'
	/var/lib/gems/1.9.1/gems/thin-1.6.1/lib/thin/runner.rb:156:in `run!'
	/var/lib/gems/1.9.1/gems/thin-1.6.1/bin/thin:6:in `<top (required)>'
	/usr/local/bin/thin:23:in `load'
	/usr/local/bin/thin:23:in `<main>'
10.0.3.1 - - [22/Nov/2013 08:09:17] "GET /users HTTP/1.0" 500 30 0.0063
Exiting!
Writing PID to tmp/pids/thin.3005.pid
Using rack adapter
Thin web server (v1.6.1 codename Death Proof)
Maximum connections set to 1024
Listening on 0.0.0.0:3005, CTRL+C to stop
10.0.3.1 - - [22/Nov/2013 08:12:53] "GET /users HTTP/1.0" 200 17713 0.0058
